<?xml version="1.0" encoding="UTF-8"?>
<testsuite name="tests" tests="23" skipped="0" failures="0" errors="0" timestamp="2021-05-30T14:25:24" hostname="WUFFEL-PC" time="0.127">
  <properties/>
  <testcase name="amountkorrekt()" classname="tests" time="0.05"/>
  <testcase name="exceptionsStatus2()" classname="tests" time="0.004"/>
  <testcase name="correctPintoolong()" classname="tests" time="0.002"/>
  <testcase name="rightPin()" classname="tests" time="0.001"/>
  <testcase name="exceptions()" classname="tests" time="0.002"/>
  <testcase name="toomanycardspluspin()" classname="tests" time="0.011"/>
  <testcase name="testCheckerWrongCard()" classname="tests" time="0.001"/>
  <testcase name="strangeString2()" classname="tests" time="0.003"/>
  <testcase name="strangePin()" classname="tests" time="0.001"/>
  <testcase name="toomanycards()" classname="tests" time="0.009"/>
  <testcase name="testCancel2()" classname="tests" time="0.001"/>
  <testcase name="testCancle3()" classname="tests" time="0.001"/>
  <testcase name="longPin()" classname="tests" time="0.002"/>
  <testcase name="toomanyparkcardspluspin()" classname="tests" time="0.007"/>
  <testcase name="correctPin()" classname="tests" time="0.002"/>
  <testcase name="testCancle()" classname="tests" time="0.0"/>
  <testcase name="wrongPinTimesOne()" classname="tests" time="0.001"/>
  <testcase name="wrongPinTimesTwo()" classname="tests" time="0.002"/>
  <testcase name="dailyLimit()" classname="tests" time="0.001"/>
  <testcase name="multibleCorrections()" classname="tests" time="0.002"/>
  <testcase name="testCheckerSuccessfulRun()" classname="tests" time="0.001"/>
  <testcase name="testCheckerWrongCardThenRightCard()" classname="tests" time="0.002"/>
  <testcase name="strangeString()" classname="tests" time="0.001"/>
  <system-out><![CDATA[state is now 1. ready for code
e
e1
e12
e123
e1234
temp=1234
found 4 
Pin entry successful, pls enter amount 
2

2
20
200
2000
20000
200000
2000000
20000000
DEBUG: Korrektur 2000000
2000000
DEBUG: Korrektur 200000
200000
DEBUG: Korrektur 20000
20000
DEBUG: Korrektur 2000
2000
DEBUG: Korrektur 200
200
DEBUG: Korrektur 20
20
DEBUG: Korrektur 2
2
DEBUG: Korrektur 

5
50
Take these 50 monies, have a nice day.
3
50b
you received your money, state is now idle 

state is now 1. ready for code
e
e1
e12
e123
e1234
temp=1234
found 4 
Pin entry successful, pls enter amount 
2

Take these  monies, have a nice day.
3
b
state is now 1. ready for code
e
e1
e12
e123
e1235
DEBUG: Korrektur e123
e123
e1234
temp=1234
found 4 
Pin entry successful, pls enter amount 
2

state is now 1. ready for code
e
e1
e12
e123
e1234
state is now 1. ready for code
e
e1
e12
ERRROR: illegal iput, pin too short
temp=

state is now 1. ready for code
e
you already have a card inserted
e
you already have a card inserted
e
you already have a card inserted
e
you already have a card inserted
e
you already have a card inserted
e
you already have a card inserted
e
you already have a card inserted
e
you already have a card inserted
e
you already have a card inserted
e
you already have a card inserted
e
you already have a card inserted
e
you already have a card inserted
e
you already have a card inserted
e
you already have a card inserted
e
you already have a card inserted
e
you already have a card inserted
e
you already have a card inserted
e
you already have a card inserted
e
you already have a card inserted
e
you already have a card inserted
e
you already have a card inserted
e
you already have a card inserted
e
you already have a card inserted
e
you already have a card inserted
e
you already have a card inserted
e
you already have a card inserted
e
you already have a card inserted
e
you already have a card inserted
e
you already have a card inserted
e
you already have a card inserted
e
you already have a card inserted
e
you already have a card inserted
e
you already have a card inserted
e
you already have a card inserted
e
you already have a card inserted
e
you already have a card inserted
e
you already have a card inserted
e
you already have a card inserted
e
you already have a card inserted
e
you already have a card inserted
e
you already have a card inserted
e
you already have a card inserted
e
you already have a card inserted
e
you already have a card inserted
e
you already have a card inserted
e
you already have a card inserted
e
you already have a card inserted
e
you already have a card inserted
e
you already have a card inserted
e
you already have a card inserted
e
you already have a card inserted
e
you already have a card inserted
e
you already have a card inserted
e
you already have a card inserted
e
you already have a card inserted
e
you already have a card inserted
e
you already have a card inserted
e
you already have a card inserted
e
you already have a card inserted
e
you already have a card inserted
e
you already have a card inserted
e
you already have a card inserted
e
you already have a card inserted
e
you already have a card inserted
e
you already have a card inserted
e
e1
e12
e123
e1234
temp=1234
found 4 
Pin entry successful, pls enter amount 
2

invalid card inserted

1
12
123
1234
1234b
1234b5
1234b50
1234b500
1234b500b
1234b500bg
invalid card inserted

invalid card inserted

invalid card inserted

invalid card inserted

invalid card inserted

invalid card inserted

state is now 1. ready for code
e
e1
e12
e123
e1234
e12346
e123468
e1234684
e12346843
e123468435
e1234684352
e12346843528
e123468435285
e1234684352856
e12346843528561
e123468435285612
e1234684352856123
e12346843528561234
temp=1234
found 4 
wrong pin, pls try again

state is now 1. ready for code
e
e1
e12
e123
e1235
DEBUG: Korrektur e123
e123
e1234
e12344
e123441
e1234412
e12344123
e123441234
temp=1234
found 4 
wrong pin, pls try again

state is now 1. ready for code
e
you already have a card inserted
e
you already have a card inserted
e
you already have a card inserted
e
you already have a card inserted
e
you already have a card inserted
e
you already have a card inserted
e
you already have a card inserted
e
you already have a card inserted
e
you already have a card inserted
e
you already have a card inserted
e
you already have a card inserted
e
you already have a card inserted
e
you already have a card inserted
e
you already have a card inserted
e
you already have a card inserted
e
you already have a card inserted
e
you already have a card inserted
e
you already have a card inserted
e
you already have a card inserted
e
you already have a card inserted
e
you already have a card inserted
e
you already have a card inserted
e
you already have a card inserted
e
you already have a card inserted
e
you already have a card inserted
e
you already have a card inserted
e
you already have a card inserted
e
you already have a card inserted
e
you already have a card inserted
e
you already have a card inserted
e
you already have a card inserted
e
you already have a card inserted
e
you already have a card inserted
e
you already have a card inserted
e
you already have a card inserted
e
you already have a card inserted
e
you already have a card inserted
e
you already have a card inserted
e
you already have a card inserted
e
you already have a card inserted
e
you already have a card inserted
e
you already have a card inserted
e
you already have a card inserted
e
you already have a card inserted
e
you already have a card inserted
e
you already have a card inserted
e
you already have a card inserted
e
you already have a card inserted
e
you already have a card inserted
e
you already have a card inserted
e
you already have a card inserted
e
you already have a card inserted
e
you already have a card inserted
e
you already have a card inserted
e
you already have a card inserted
e
you already have a card inserted
e
you already have a card inserted
e
you already have a card inserted
e
you already have a card inserted
e
you already have a card inserted
e
you already have a card inserted
e
you already have a card inserted
e
you already have a card inserted
e
you already have a card inserted
e
you already have a card inserted
e
state is now 1. ready for code
e
e1
e12
e123
e1234
temp=1234
found 4 
Pin entry successful, pls enter amount 
2


state is now 1. ready for code
e

state is now 1. ready for code
e
e1
e12
e123
e1235
DEBUG: Korrektur e123
e123
e1234
e12344
e123445
e1234456
e12344567
e123445678
temp=5678
found 4 
wrong pin, pls try again

state is now 1. ready for code
e
you already have a card inserted
e
you already have a card inserted
e
you already have a card inserted
e
you already have a card inserted
e
you already have a card inserted
e
you already have a card inserted
e
you already have a card inserted
e
you already have a card inserted
e
There is already a card in the slot

There is already a card in the slot

There is already a card in the slot

There is already a card in the slot

There is already a card in the slot

There is already a card in the slot

There is already a card in the slot

There is already a card in the slot

There is already a card in the slot

There is already a card in the slot

There is already a card in the slot

There is already a card in the slot

There is already a card in the slot

There is already a card in the slot

There is already a card in the slot

There is already a card in the slot

There is already a card in the slot

There is already a card in the slot

There is already a card in the slot

There is already a card in the slot

There is already a card in the slot

There is already a card in the slot

There is already a card in the slot

There is already a card in the slot

There is already a card in the slot

There is already a card in the slot

There is already a card in the slot

There is already a card in the slot

There is already a card in the slot

There is already a card in the slot

There is already a card in the slot

There is already a card in the slot

There is already a card in the slot

There is already a card in the slot

There is already a card in the slot

There is already a card in the slot

There is already a card in the slot

There is already a card in the slot

There is already a card in the slot

There is already a card in the slot

There is already a card in the slot

There is already a card in the slot

1
12
123
1234
temp=1234
found 4 
Pin entry successful, pls enter amount 
2

state is now 1. ready for code
e
e1
e12
e125
DEBUG: Korrektur e12
e12
e123
e1234
temp=1234
found 4 
Pin entry successful, pls enter amount 
2

state is now 1. ready for code
e

state is now 1. ready for code
e
e1
e12
e123
e1235
temp=1235
found 4 
wrong pin, pls try again

1
12
123
1234
temp=1234
found 4 
Pin entry successful, pls enter amount 
2

state is now 1. ready for code
e
e1
e12
e123
e1235
temp=1235
found 4 
wrong pin, pls try again

1
12
123
1233
temp=1233
found 4 
you are a criminal sir!

1
12
123
1234
temp=1234
found 4 
Pin entry successful, pls enter amount 
2

state is now 1. ready for code
e
e1
e12
e123
e1234
temp=1234
found 4 
Pin entry successful, pls enter amount 
2

2
20
200
2000
20000
200000
2000000
20000000
you dont have that much money, get a job! 
2
20000000b
20000000bg
state is now 1. ready for code
e
e1
e12
e123
e1234
temp=1234
found 4 
Pin entry successful, pls enter amount 
2

2
20
200
2000
DEBUG: Korrektur 200
200
DEBUG: Korrektur 20
20
205
2050
DEBUG: Korrektur 205
205
DEBUG: Korrektur 20
20
201
2010
Take these 2010 monies, have a nice day.
3
2010b
you received your money, state is now idle 

state is now 1. ready for code
e
e1
e12
e123
e1234
temp=1234
found 4 
Pin entry successful, pls enter amount 
2

5
50
500
Take these 500 monies, have a nice day.
3
500b
you received your money, state is now idle 

invalid card inserted

state is now 1. ready for code
e
e1
e12
e123
e1234
temp=1234
found 4 
Pin entry successful, pls enter amount 
2

5
50
500
Take these 500 monies, have a nice day.
3
500b
you received your money, state is now idle 

invalid card inserted

invalid card inserted

invalid card inserted

invalid card inserted

invalid card inserted

invalid card inserted

state is now 1. ready for code
e
e1
e12
e123
e1234
temp=1234
found 4 
Pin entry successful, pls enter amount 
2

]]></system-out>
  <system-err><![CDATA[]]></system-err>
</testsuite>
