<?xml version="1.0" encoding="UTF-8"?>
<testsuite name="tests" tests="1" skipped="0" failures="0" errors="0" timestamp="2021-06-01T13:29:00" hostname="WUFFEL-PC" time="0.035">
  <properties/>
  <testcase name="rightAmount()" classname="tests" time="0.035"/>
  <system-out><![CDATA[state is now 1. ready for code
e
e1
e12
e123
e1234
temp=1234
found 4 
Pin entry successful, pls enter amount 
2

5
50
500
Take these 500 monies, have a nice day.
3
500b
]]></system-out>
  <system-err><![CDATA[]]></system-err>
</testsuite>
